{"C:\\Users\\boy\\Desktop\\work\\energy\\exam\\to-do-list\\src\\common\\dropdown\\Container.tsx": {"path":"C:\\Users\\boy\\Desktop\\work\\energy\\exam\\to-do-list\\src\\common\\dropdown\\Container.tsx","statementMap":{"0":{"start":{"line":8,"column":17},"end":{"line":23,"column":1}},"1":{"start":{"line":9,"column":31},"end":{"line":12,"column":5}},"2":{"start":{"line":10,"column":22},"end":{"line":10,"column":38}},"3":{"start":{"line":11,"column":8},"end":{"line":11,"column":null}},"4":{"start":{"line":13,"column":4},"end":{"line":22,"column":null}},"5":{"start":{"line":16,"column":27},"end":{"line":16,"column":53}},"6":{"start":{"line":17,"column":16},"end":{"line":19,"column":null}},"7":{"start":{"line":25,"column":0},"end":{"line":25,"column":null}}},"fnMap":{"0":{"name":"(anonymous_0)","decl":{"start":{"line":8,"column":17},"end":{"line":8,"column":18}},"loc":{"start":{"line":8,"column":63},"end":{"line":23,"column":1}}},"1":{"name":"(anonymous_1)","decl":{"start":{"line":9,"column":31},"end":{"line":9,"column":32}},"loc":{"start":{"line":9,"column":77},"end":{"line":12,"column":5}}},"2":{"name":"(anonymous_2)","decl":{"start":{"line":15,"column":26},"end":{"line":15,"column":27}},"loc":{"start":{"line":15,"column":44},"end":{"line":20,"column":13}}}},"branchMap":{},"s":{"0":1,"1":2,"2":1,"3":1,"4":2,"5":6,"6":6,"7":1},"f":{"0":2,"1":1,"2":6},"b":{}}
,"C:\\Users\\boy\\Desktop\\work\\energy\\exam\\to-do-list\\src\\component\\todolist\\controller.ts": {"path":"C:\\Users\\boy\\Desktop\\work\\energy\\exam\\to-do-list\\src\\component\\todolist\\controller.ts","statementMap":{"0":{"start":{"line":1,"column":0},"end":{"line":1,"column":56}},"1":{"start":{"line":2,"column":0},"end":{"line":2,"column":54}},"2":{"start":{"line":3,"column":0},"end":{"line":3,"column":78}},"3":{"start":{"line":7,"column":37},"end":{"line":84,"column":1}},"4":{"start":{"line":8,"column":19},"end":{"line":8,"column":32}},"5":{"start":{"line":9,"column":36},"end":{"line":9,"column":48}},"6":{"start":{"line":10,"column":40},"end":{"line":10,"column":52}},"7":{"start":{"line":11,"column":42},"end":{"line":11,"column":61}},"8":{"start":{"line":12,"column":16},"end":{"line":12,"column":62}},"9":{"start":{"line":12,"column":50},"end":{"line":12,"column":61}},"10":{"start":{"line":13,"column":40},"end":{"line":13,"column":67}},"11":{"start":{"line":14,"column":13},"end":{"line":14,"column":43}},"12":{"start":{"line":16,"column":25},"end":{"line":27,"column":4}},"13":{"start":{"line":29,"column":27},"end":{"line":37,"column":29}},"14":{"start":{"line":30,"column":4},"end":{"line":36,"column":5}},"15":{"start":{"line":31,"column":6},"end":{"line":31,"column":null}},"16":{"start":{"line":31,"column":44},"end":{"line":31,"column":66}},"17":{"start":{"line":32,"column":11},"end":{"line":36,"column":5}},"18":{"start":{"line":33,"column":6},"end":{"line":33,"column":null}},"19":{"start":{"line":33,"column":44},"end":{"line":33,"column":67}},"20":{"start":{"line":35,"column":6},"end":{"line":35,"column":null}},"21":{"start":{"line":39,"column":2},"end":{"line":41,"column":null}},"22":{"start":{"line":40,"column":4},"end":{"line":40,"column":null}},"23":{"start":{"line":44,"column":24},"end":{"line":49,"column":3}},"24":{"start":{"line":45,"column":4},"end":{"line":46,"column":null}},"25":{"start":{"line":46,"column":6},"end":{"line":46,"column":null}},"26":{"start":{"line":47,"column":4},"end":{"line":47,"column":null}},"27":{"start":{"line":48,"column":4},"end":{"line":48,"column":null}},"28":{"start":{"line":51,"column":28},"end":{"line":54,"column":3}},"29":{"start":{"line":52,"column":18},"end":{"line":52,"column":34}},"30":{"start":{"line":53,"column":4},"end":{"line":53,"column":null}},"31":{"start":{"line":56,"column":30},"end":{"line":59,"column":3}},"32":{"start":{"line":57,"column":18},"end":{"line":57,"column":34}},"33":{"start":{"line":58,"column":4},"end":{"line":58,"column":null}},"34":{"start":{"line":61,"column":25},"end":{"line":63,"column":3}},"35":{"start":{"line":62,"column":4},"end":{"line":62,"column":null}},"36":{"start":{"line":65,"column":23},"end":{"line":67,"column":3}},"37":{"start":{"line":66,"column":4},"end":{"line":66,"column":null}},"38":{"start":{"line":69,"column":2},"end":{"line":83,"column":null}},"39":{"start":{"line":7,"column":13},"end":{"line":7,"column":37}}},"fnMap":{"0":{"name":"(anonymous_0)","decl":{"start":{"line":7,"column":37},"end":{"line":7,"column":40}},"loc":{"start":{"line":7,"column":42},"end":{"line":84,"column":1}}},"1":{"name":"(anonymous_1)","decl":{"start":{"line":12,"column":28},"end":{"line":12,"column":29}},"loc":{"start":{"line":12,"column":50},"end":{"line":12,"column":61}}},"2":{"name":"(anonymous_2)","decl":{"start":{"line":29,"column":39},"end":{"line":29,"column":40}},"loc":{"start":{"line":29,"column":58},"end":{"line":37,"column":3}}},"3":{"name":"(anonymous_3)","decl":{"start":{"line":31,"column":34},"end":{"line":31,"column":35}},"loc":{"start":{"line":31,"column":44},"end":{"line":31,"column":66}}},"4":{"name":"(anonymous_4)","decl":{"start":{"line":33,"column":34},"end":{"line":33,"column":35}},"loc":{"start":{"line":33,"column":44},"end":{"line":33,"column":67}}},"5":{"name":"(anonymous_5)","decl":{"start":{"line":39,"column":12},"end":{"line":39,"column":15}},"loc":{"start":{"line":39,"column":17},"end":{"line":41,"column":3}}},"6":{"name":"(anonymous_6)","decl":{"start":{"line":44,"column":24},"end":{"line":44,"column":27}},"loc":{"start":{"line":44,"column":29},"end":{"line":49,"column":3}}},"7":{"name":"(anonymous_7)","decl":{"start":{"line":51,"column":28},"end":{"line":51,"column":29}},"loc":{"start":{"line":51,"column":73},"end":{"line":54,"column":3}}},"8":{"name":"(anonymous_8)","decl":{"start":{"line":56,"column":30},"end":{"line":56,"column":31}},"loc":{"start":{"line":56,"column":78},"end":{"line":59,"column":3}}},"9":{"name":"(anonymous_9)","decl":{"start":{"line":61,"column":25},"end":{"line":61,"column":26}},"loc":{"start":{"line":61,"column":40},"end":{"line":63,"column":3}}},"10":{"name":"(anonymous_10)","decl":{"start":{"line":65,"column":23},"end":{"line":65,"column":24}},"loc":{"start":{"line":65,"column":52},"end":{"line":67,"column":3}}}},"branchMap":{"0":{"loc":{"start":{"line":30,"column":4},"end":{"line":36,"column":5}},"type":"if","locations":[{"start":{"line":30,"column":4},"end":{"line":36,"column":5}},{"start":{"line":32,"column":11},"end":{"line":36,"column":5}}]},"1":{"loc":{"start":{"line":32,"column":11},"end":{"line":36,"column":5}},"type":"if","locations":[{"start":{"line":32,"column":11},"end":{"line":36,"column":5}},{"start":{"line":34,"column":11},"end":{"line":36,"column":5}}]},"2":{"loc":{"start":{"line":45,"column":4},"end":{"line":46,"column":null}},"type":"if","locations":[{"start":{"line":45,"column":4},"end":{"line":46,"column":null}}]}},"s":{"0":1,"1":1,"2":1,"3":1,"4":3,"5":3,"6":3,"7":3,"8":3,"9":5,"10":3,"11":3,"12":3,"13":3,"14":2,"15":0,"16":0,"17":2,"18":0,"19":0,"20":2,"21":3,"22":2,"23":3,"24":1,"25":0,"26":1,"27":1,"28":3,"29":1,"30":1,"31":3,"32":0,"33":0,"34":3,"35":0,"36":3,"37":0,"38":3,"39":1},"f":{"0":3,"1":5,"2":2,"3":0,"4":0,"5":2,"6":1,"7":1,"8":0,"9":0,"10":0},"b":{"0":[0,2],"1":[0,2],"2":[0]}}
,"C:\\Users\\boy\\Desktop\\work\\energy\\exam\\to-do-list\\src\\redux\\store.ts": {"path":"C:\\Users\\boy\\Desktop\\work\\energy\\exam\\to-do-list\\src\\redux\\store.ts","statementMap":{"0":{"start":{"line":1,"column":0},"end":{"line":1,"column":66}},"1":{"start":{"line":2,"column":0},"end":{"line":2,"column":43}},"2":{"start":{"line":3,"column":13},"end":{"line":5,"column":null}},"3":{"start":{"line":7,"column":22},"end":{"line":7,"column":54}},"4":{"start":{"line":8,"column":17},"end":{"line":8,"column":19}},"5":{"start":{"line":9,"column":2},"end":{"line":11,"column":3}},"6":{"start":{"line":10,"column":4},"end":{"line":10,"column":null}},"7":{"start":{"line":13,"column":16},"end":{"line":16,"column":4}},"8":{"start":{"line":18,"column":2},"end":{"line":20,"column":null}},"9":{"start":{"line":19,"column":4},"end":{"line":19,"column":null}},"10":{"start":{"line":22,"column":2},"end":{"line":22,"column":null}}},"fnMap":{"0":{"name":"(anonymous_0)","decl":{"start":{"line":18,"column":18},"end":{"line":18,"column":21}},"loc":{"start":{"line":18,"column":23},"end":{"line":20,"column":3}}}},"branchMap":{"0":{"loc":{"start":{"line":9,"column":2},"end":{"line":11,"column":3}},"type":"if","locations":[{"start":{"line":9,"column":2},"end":{"line":11,"column":3}}]}},"s":{"0":1,"1":1,"2":1,"3":1,"4":1,"5":1,"6":0,"7":1,"8":1,"9":0,"10":1},"f":{"0":0},"b":{"0":[0]}}
,"C:\\Users\\boy\\Desktop\\work\\energy\\exam\\to-do-list\\src\\redux\\todo\\actionTodo.ts": {"path":"C:\\Users\\boy\\Desktop\\work\\energy\\exam\\to-do-list\\src\\redux\\todo\\actionTodo.ts","statementMap":{"0":{"start":{"line":1,"column":0},"end":{"line":1,"column":37}},"1":{"start":{"line":3,"column":23},"end":{"line":12,"column":1}},"2":{"start":{"line":4,"column":1},"end":{"line":11,"column":null}},"3":{"start":{"line":3,"column":13},"end":{"line":3,"column":23}},"4":{"start":{"line":14,"column":26},"end":{"line":21,"column":1}},"5":{"start":{"line":15,"column":1},"end":{"line":20,"column":null}},"6":{"start":{"line":14,"column":13},"end":{"line":14,"column":26}},"7":{"start":{"line":23,"column":27},"end":{"line":31,"column":1}},"8":{"start":{"line":24,"column":1},"end":{"line":30,"column":null}},"9":{"start":{"line":23,"column":13},"end":{"line":23,"column":27}}},"fnMap":{"0":{"name":"(anonymous_0)","decl":{"start":{"line":3,"column":23},"end":{"line":3,"column":24}},"loc":{"start":{"line":3,"column":74},"end":{"line":12,"column":1}}},"1":{"name":"(anonymous_1)","decl":{"start":{"line":14,"column":26},"end":{"line":14,"column":27}},"loc":{"start":{"line":14,"column":41},"end":{"line":21,"column":1}}},"2":{"name":"(anonymous_2)","decl":{"start":{"line":23,"column":27},"end":{"line":23,"column":28}},"loc":{"start":{"line":23,"column":60},"end":{"line":31,"column":1}}}},"branchMap":{},"s":{"0":1,"1":1,"2":0,"3":1,"4":1,"5":0,"6":1,"7":1,"8":0,"9":1},"f":{"0":0,"1":0,"2":0},"b":{}}
,"C:\\Users\\boy\\Desktop\\work\\energy\\exam\\to-do-list\\src\\redux\\todo\\reduceTodo.ts": {"path":"C:\\Users\\boy\\Desktop\\work\\energy\\exam\\to-do-list\\src\\redux\\todo\\reduceTodo.ts","statementMap":{"0":{"start":{"line":3,"column":0},"end":{"line":3,"column":49}},"1":{"start":{"line":12,"column":53},"end":{"line":25,"column":1}},"2":{"start":{"line":13,"column":2},"end":{"line":24,"column":3}},"3":{"start":{"line":15,"column":6},"end":{"line":15,"column":null}},"4":{"start":{"line":17,"column":6},"end":{"line":17,"column":null}},"5":{"start":{"line":17,"column":36},"end":{"line":17,"column":65}},"6":{"start":{"line":19,"column":6},"end":{"line":21,"column":null}},"7":{"start":{"line":20,"column":8},"end":{"line":20,"column":93}},"8":{"start":{"line":23,"column":6},"end":{"line":23,"column":null}},"9":{"start":{"line":27,"column":0},"end":{"line":27,"column":null}}},"fnMap":{"0":{"name":"(anonymous_0)","decl":{"start":{"line":12,"column":53},"end":{"line":12,"column":54}},"loc":{"start":{"line":12,"column":76},"end":{"line":25,"column":1}}},"1":{"name":"(anonymous_1)","decl":{"start":{"line":17,"column":26},"end":{"line":17,"column":27}},"loc":{"start":{"line":17,"column":36},"end":{"line":17,"column":65}}},"2":{"name":"(anonymous_2)","decl":{"start":{"line":19,"column":23},"end":{"line":19,"column":24}},"loc":{"start":{"line":20,"column":8},"end":{"line":20,"column":93}}}},"branchMap":{"0":{"loc":{"start":{"line":12,"column":54},"end":{"line":12,"column":64}},"type":"default-arg","locations":[{"start":{"line":12,"column":62},"end":{"line":12,"column":64}}]},"1":{"loc":{"start":{"line":13,"column":2},"end":{"line":24,"column":3}},"type":"switch","locations":[{"start":{"line":14,"column":4},"end":{"line":15,"column":null}},{"start":{"line":16,"column":4},"end":{"line":17,"column":null}},{"start":{"line":18,"column":4},"end":{"line":21,"column":null}},{"start":{"line":22,"column":4},"end":{"line":23,"column":null}}]},"2":{"loc":{"start":{"line":20,"column":8},"end":{"line":20,"column":93}},"type":"cond-expr","locations":[{"start":{"line":20,"column":40},"end":{"line":20,"column":86}},{"start":{"line":20,"column":89},"end":{"line":20,"column":93}}]}},"s":{"0":1,"1":1,"2":3,"3":0,"4":0,"5":0,"6":0,"7":0,"8":3,"9":1},"f":{"0":3,"1":0,"2":0},"b":{"0":[3],"1":[0,0,0,3],"2":[0,0]}}
,"C:\\Users\\boy\\Desktop\\work\\energy\\exam\\to-do-list\\src\\redux\\todo\\typeTodo.ts": {"path":"C:\\Users\\boy\\Desktop\\work\\energy\\exam\\to-do-list\\src\\redux\\todo\\typeTodo.ts","statementMap":{"0":{"start":{"line":1,"column":13},"end":{"line":5,"column":null}}},"fnMap":{},"branchMap":{},"s":{"0":1},"f":{},"b":{}}
}
