TN:
SF:src\common\dropdown\Container.tsx
FN:8,(anonymous_0)
FN:9,(anonymous_1)
FN:15,(anonymous_2)
FNF:3
FNH:3
FNDA:2,(anonymous_0)
FNDA:1,(anonymous_1)
FNDA:6,(anonymous_2)
DA:8,1
DA:9,2
DA:10,1
DA:11,1
DA:13,2
DA:16,6
DA:17,6
DA:25,1
LF:8
LH:8
BRF:0
BRH:0
end_of_record
TN:
SF:src\component\todolist\controller.ts
FN:7,(anonymous_0)
FN:12,(anonymous_1)
FN:29,(anonymous_2)
FN:31,(anonymous_3)
FN:33,(anonymous_4)
FN:39,(anonymous_5)
FN:44,(anonymous_6)
FN:51,(anonymous_7)
FN:56,(anonymous_8)
FN:61,(anonymous_9)
FN:65,(anonymous_10)
FNF:11
FNH:6
FNDA:3,(anonymous_0)
FNDA:5,(anonymous_1)
FNDA:2,(anonymous_2)
FNDA:0,(anonymous_3)
FNDA:0,(anonymous_4)
FNDA:2,(anonymous_5)
FNDA:1,(anonymous_6)
FNDA:1,(anonymous_7)
FNDA:0,(anonymous_8)
FNDA:0,(anonymous_9)
FNDA:0,(anonymous_10)
DA:1,1
DA:2,1
DA:3,1
DA:7,1
DA:8,3
DA:9,3
DA:10,3
DA:11,3
DA:12,5
DA:13,3
DA:14,3
DA:16,3
DA:29,3
DA:30,2
DA:31,0
DA:32,2
DA:33,0
DA:35,2
DA:39,3
DA:40,2
DA:44,3
DA:45,1
DA:46,0
DA:47,1
DA:48,1
DA:51,3
DA:52,1
DA:53,1
DA:56,3
DA:57,0
DA:58,0
DA:61,3
DA:62,0
DA:65,3
DA:66,0
DA:69,3
LF:36
LH:29
BRDA:30,0,0,0
BRDA:30,0,1,2
BRDA:32,1,0,0
BRDA:32,1,1,2
BRDA:45,2,0,0
BRF:5
BRH:2
end_of_record
TN:
SF:src\redux\store.ts
FN:18,(anonymous_0)
FNF:1
FNH:0
FNDA:0,(anonymous_0)
DA:1,1
DA:2,1
DA:3,1
DA:7,1
DA:8,1
DA:9,1
DA:10,0
DA:13,1
DA:18,1
DA:19,0
DA:22,1
LF:11
LH:9
BRDA:9,0,0,0
BRF:1
BRH:0
end_of_record
TN:
SF:src\redux\todo\actionTodo.ts
FN:3,(anonymous_0)
FN:14,(anonymous_1)
FN:23,(anonymous_2)
FNF:3
FNH:0
FNDA:0,(anonymous_0)
FNDA:0,(anonymous_1)
FNDA:0,(anonymous_2)
DA:1,1
DA:3,1
DA:4,0
DA:14,1
DA:15,0
DA:23,1
DA:24,0
LF:7
LH:4
BRF:0
BRH:0
end_of_record
TN:
SF:src\redux\todo\reduceTodo.ts
FN:12,(anonymous_0)
FN:17,(anonymous_1)
FN:19,(anonymous_2)
FNF:3
FNH:1
FNDA:3,(anonymous_0)
FNDA:0,(anonymous_1)
FNDA:0,(anonymous_2)
DA:3,1
DA:12,1
DA:13,3
DA:15,0
DA:17,0
DA:19,0
DA:20,0
DA:23,3
DA:27,1
LF:9
LH:5
BRDA:12,0,0,3
BRDA:13,1,0,0
BRDA:13,1,1,0
BRDA:13,1,2,0
BRDA:13,1,3,3
BRDA:20,2,0,0
BRDA:20,2,1,0
BRF:7
BRH:2
end_of_record
TN:
SF:src\redux\todo\typeTodo.ts
FNF:0
FNH:0
DA:1,1
LF:1
LH:1
BRF:0
BRH:0
end_of_record
